[24-Jul-2025 19:55:25] NOTICE: fpm is running, pid 315
[24-Jul-2025 19:55:25] NOTICE: ready to handle connections
[24-Jul-2025 19:55:25] NOTICE: systemd monitor interval set to 10000ms
[24-Jul-2025 20:14:37] NOTICE: fpm is running, pid 314
[24-Jul-2025 20:14:37] NOTICE: ready to handle connections
[24-Jul-2025 20:14:37] NOTICE: systemd monitor interval set to 10000ms
[25-Jul-2025 15:12:15] NOTICE: fpm is running, pid 508
[25-Jul-2025 15:12:15] NOTICE: ready to handle connections
[25-Jul-2025 15:12:15] NOTICE: systemd monitor interval set to 10000ms
[27-Jul-2025 17:16:56] NOTICE: fpm is running, pid 508
[27-Jul-2025 17:16:56] NOTICE: ready to handle connections
[27-Jul-2025 17:16:56] NOTICE: systemd monitor interval set to 10000ms
[30-Jul-2025 16:15:29] NOTICE: fpm is running, pid 507
[30-Jul-2025 16:15:29] NOTICE: ready to handle connections
[30-Jul-2025 16:15:29] NOTICE: systemd monitor interval set to 10000ms
[30-Jul-2025 18:56:12] NOTICE: fpm is running, pid 508
[30-Jul-2025 18:56:12] NOTICE: ready to handle connections
[30-Jul-2025 18:56:12] NOTICE: systemd monitor interval set to 10000ms
[31-Jul-2025 23:44:04] NOTICE: fpm is running, pid 507
[31-Jul-2025 23:44:04] NOTICE: ready to handle connections
[31-Jul-2025 23:44:04] NOTICE: systemd monitor interval set to 10000ms
[01-Aug-2025 00:06:11] NOTICE: fpm is running, pid 507
[01-Aug-2025 00:06:11] NOTICE: ready to handle connections
[01-Aug-2025 00:06:11] NOTICE: systemd monitor interval set to 10000ms
